<?xml version="1.0" encoding="UTF-8"?>
<!-- Generated by org.testng.reporters.JUnitReportReporter -->
<testsuite hostname="DESKTOP-T0F1EFD" failures="0" tests="1" name="com.qa.test1.Test1" time="0.013" errors="0" timestamp="2021-02-17T17:14:50 CET" skipped="0">
  <testcase classname="com.qa.test1.Test1" name="sum" time="0.013"/>
  <system-out/>
</testsuite> <!-- com.qa.test1.Test1 -->
